Engine-Match 12 November 2018 01:25:32
 Tournament Game in 5 Minutes 

Pairing 1/1 :    capablanca  -  ozzy {Human}

PGN-File: /home/ozzy/Tournaments/Arena.pgn

No:  B/W 1/2     W:B       1:2           Time        Value Moves Dep 1:2       1-2-Draws

--------------------------------------------------------------

Engine-Match 12 November 2018 01:25:33
 Tournament Game in 5 Minutes 

Pairing 1/1 :    capablanca  -  ozzy {Human}

PGN-File: /home/ozzy/Tournaments/Arena.pgn

No:  B/W 1/2     W:B       1:2           Time        Value Moves Dep 1:2       1-2-Draws

--------------------------------------------------------------

Engine-Match 12 November 2018 01:25:35
 Tournament Game in 5 Minutes 

Pairing 1/1 :    capablanca  -  ozzy {Human}

PGN-File: /home/ozzy/Tournaments/Arena.pgn

No:  B/W 1/2     W:B       1:2           Time        Value Moves Dep 1:2       1-2-Draws

--------------------------------------------------------------

Engine-Match 12 November 2018 01:25:38
 Tournament Game in 5 Minutes 

Pairing 1/1 :    capablanca  -  ozzy {Human}

PGN-File: /home/ozzy/Tournaments/Arena.pgn

No:  B/W 1/2     W:B       1:2           Time        Value Moves Dep 1:2       1-2-Draws

--------------------------------------------------------------

Engine-Match 12 November 2018 01:25:43
 Tournament Game in 5 Minutes 

Pairing 1/1 :    capablanca  -  ozzy {Human}

PGN-File: /home/ozzy/Tournaments/Arena.pgn

No:  B/W 1/2     W:B       1:2           Time        Value Moves Dep 1:2       1-2-Draws

--------------------------------------------------------------

Engine-Match 12 November 2018 01:25:43
 Tournament Game in 5 Minutes 

Pairing 1/1 :    capablanca  -  ozzy {Human}

PGN-File: /home/ozzy/Tournaments/Arena.pgn

No:  B/W 1/2     W:B       1:2           Time        Value Moves Dep 1:2       1-2-Draws

--------------------------------------------------------------

Engine-Match 12 November 2018 01:25:49
 Tournament Game in 5 Minutes 

Pairing 1/1 :    capablanca  -  ozzy {Human}

PGN-File: /home/ozzy/Tournaments/Arena.pgn

No:  B/W 1/2     W:B       1:2           Time        Value Moves Dep 1:2       1-2-Draws

--------------------------------------------------------------

Engine-Match 12 November 2018 01:25:49
 Tournament Game in 5 Minutes 

Pairing 1/1 :    capablanca  -  ozzy {Human}

PGN-File: /home/ozzy/Tournaments/Arena.pgn

No:  B/W 1/2     W:B       1:2           Time        Value Moves Dep 1:2       1-2-Draws

--------------------------------------------------------------

Engine-Match 12 November 2018 01:25:50
 Tournament Game in 5 Minutes 

Pairing 1/1 :    capablanca  -  ozzy {Human}

PGN-File: /home/ozzy/Tournaments/Arena.pgn

No:  B/W 1/2     W:B       1:2           Time        Value Moves Dep 1:2       1-2-Draws

--------------------------------------------------------------

Engine-Match 12 November 2018 01:25:53
 Tournament Game in 5 Minutes 

Pairing 1/1 :    capablanca  -  ozzy {Human}

PGN-File: /home/ozzy/Tournaments/Arena.pgn

No:  B/W 1/2     W:B       1:2           Time        Value Moves Dep 1:2       1-2-Draws

--------------------------------------------------------------

Engine-Match 12 November 2018 01:25:54
 Tournament Game in 5 Minutes 

Pairing 1/1 :    capablanca  -  ozzy {Human}

PGN-File: /home/ozzy/Tournaments/Arena.pgn

No:  B/W 1/2     W:B       1:2           Time        Value Moves Dep 1:2       1-2-Draws

--------------------------------------------------------------

Engine-Match 12 November 2018 01:25:54
 Tournament Game in 5 Minutes 

Pairing 1/1 :    capablanca  -  ozzy {Human}

PGN-File: /home/ozzy/Tournaments/Arena.pgn

No:  B/W 1/2     W:B       1:2           Time        Value Moves Dep 1:2       1-2-Draws

--------------------------------------------------------------

Engine-Match 12 November 2018 01:26:02
 Tournament Game in 5 Minutes 

Pairing 1/1 :    capablanca  -  ozzy {Human}

PGN-File: /home/ozzy/Tournaments/Arena.pgn

No:  B/W 1/2     W:B       1:2           Time        Value Moves Dep 1:2       1-2-Draws

--------------------------------------------------------------

Engine-Match 12 November 2018 01:26:04
 Tournament Game in 5 Minutes 

Pairing 1/1 :    capablanca  -  ozzy {Human}

PGN-File: /home/ozzy/Tournaments/Arena.pgn

No:  B/W 1/2     W:B       1:2           Time        Value Moves Dep 1:2       1-2-Draws

--------------------------------------------------------------

Engine-Match 12 November 2018 01:26:05
 Tournament Game in 5 Minutes 

Pairing 1/1 :    capablanca  -  ozzy {Human}

PGN-File: /home/ozzy/Tournaments/Arena.pgn

No:  B/W 1/2     W:B       1:2           Time        Value Moves Dep 1:2       1-2-Draws

--------------------------------------------------------------

Engine-Match 12 November 2018 01:26:06
 Tournament Game in 5 Minutes 

Pairing 1/1 :    capablanca  -  ozzy {Human}

PGN-File: /home/ozzy/Tournaments/Arena.pgn

No:  B/W 1/2     W:B       1:2           Time        Value Moves Dep 1:2       1-2-Draws

--------------------------------------------------------------

Engine-Match 12 November 2018 01:26:07
 Tournament Game in 5 Minutes 

Pairing 1/1 :    capablanca  -  ozzy {Human}

PGN-File: /home/ozzy/Tournaments/Arena.pgn

No:  B/W 1/2     W:B       1:2           Time        Value Moves Dep 1:2       1-2-Draws

--------------------------------------------------------------

Engine-Match 12 November 2018 01:26:40
 Tournament Game in 5 Minutes 

Pairing 1/1 :    capablanca  -  ozzy {Human}

PGN-File: /home/ozzy/Tournaments/Arena.pgn

No:  B/W 1/2     W:B       1:2           Time        Value Moves Dep 1:2       1-2-Draws

--------------------------------------------------------------

Engine-Match 12 November 2018 01:26:43
 Tournament Game in 5 Minutes 

Pairing 1/1 :    capablanca  -  ozzy {Human}

PGN-File: /home/ozzy/Tournaments/Arena.pgn

No:  B/W 1/2     W:B       1:2           Time        Value Moves Dep 1:2       1-2-Draws

--------------------------------------------------------------

Engine-Match 12 November 2018 01:26:48
 Tournament Game in 5 Minutes 

Pairing 1/1 :    capablanca  -  ozzy {Human}

PGN-File: /home/ozzy/Tournaments/Arena.pgn

No:  B/W 1/2     W:B       1:2           Time        Value Moves Dep 1:2       1-2-Draws

--------------------------------------------------------------

Engine-Match 12 November 2018 01:26:49
 Tournament Game in 5 Minutes 

Pairing 1/1 :    capablanca  -  ozzy {Human}

PGN-File: /home/ozzy/Tournaments/Arena.pgn

No:  B/W 1/2     W:B       1:2           Time        Value Moves Dep 1:2       1-2-Draws

--------------------------------------------------------------

Engine-Match 12 November 2018 01:53:32
 Tournament Game in 5 Minutes 

Pairing 1/1 :    ozzy {Human}  -  Main

PGN-File: /home/ozzy/Tournaments/Arena.pgn

No:  B/W 1/2     W:B       1:2           Time        Value Moves Dep 1:2       1-2-Draws
   1 W 1    1.0:0.0        1.0:0.0       01:53:43    -0.00     1 0:0 1-0-0

--------------------------------------------------------------

Engine-Match 12 November 2018 01:56:24
 Tournament Game in 5 Minutes 

Pairing 1/1 :    ozzy {Human}  -  capablanca

PGN-File: /home/ozzy/Tournaments/Arena.pgn

No:  B/W 1/2     W:B       1:2           Time        Value Moves Dep 1:2       1-2-Draws
   1 W 1    1.0:0.0        1.0:0.0       01:56:30    -0.00     1 0:0 1-0-0

--------------------------------------------------------------

Engine-Match 12 November 2018 01:57:58
 Tournament Game in 5 Minutes 

Pairing 1/1 :    ozzy {Human}  -  capablanca

PGN-File: /home/ozzy/Tournaments/Arena.pgn

No:  B/W 1/2     W:B       1:2           Time        Value Moves Dep 1:2       1-2-Draws
   2 * *     0.0:0.0        1.0:0.0       01:58:58    -0.00     8 0:10.000  1-0-0

--------------------------------------------------------------

Engine-Match 12 November 2018 12:36:44
 Tournament Game in 5 Minutes 

Pairing 1/1 :    ozzy {Human}  -  capablanca

PGN-File: /home/ozzy/Tournaments/Arena.pgn

No:  B/W 1/2     W:B       1:2           Time        Value Moves Dep 1:2       1-2-Draws

--------------------------------------------------------------

Engine-Match 12 November 2018 12:36:46
 Tournament Game in 5 Minutes 

Pairing 1/1 :    ozzy {Human}  -  capablanca

PGN-File: /home/ozzy/Tournaments/Arena.pgn

No:  B/W 1/2     W:B       1:2           Time        Value Moves Dep 1:2       1-2-Draws

--------------------------------------------------------------

Engine-Match 12 November 2018 12:36:48
 Tournament Game in 5 Minutes 

Pairing 1/1 :    ozzy {Human}  -  capablanca

PGN-File: /home/ozzy/Tournaments/Arena.pgn

No:  B/W 1/2     W:B       1:2           Time        Value Moves Dep 1:2       1-2-Draws

--------------------------------------------------------------

Engine-Match 12 November 2018 12:36:51
 Tournament Game in 5 Minutes 

Pairing 1/1 :    ozzy {Human}  -  capablanca

PGN-File: /home/ozzy/Tournaments/Arena.pgn

No:  B/W 1/2     W:B       1:2           Time        Value Moves Dep 1:2       1-2-Draws

--------------------------------------------------------------

Engine-Match 12 November 2018 12:36:52
 Tournament Game in 5 Minutes 

Pairing 1/1 :    ozzy {Human}  -  capablanca

PGN-File: /home/ozzy/Tournaments/Arena.pgn

No:  B/W 1/2     W:B       1:2           Time        Value Moves Dep 1:2       1-2-Draws

--------------------------------------------------------------

Engine-Match 12 November 2018 12:36:54
 Tournament Game in 5 Minutes 

Pairing 1/1 :    ozzy {Human}  -  capablanca

PGN-File: /home/ozzy/Tournaments/Arena.pgn

No:  B/W 1/2     W:B       1:2           Time        Value Moves Dep 1:2       1-2-Draws

--------------------------------------------------------------

Engine-Match 12 November 2018 12:36:54
 Tournament Game in 5 Minutes 

Pairing 1/1 :    ozzy {Human}  -  capablanca

PGN-File: /home/ozzy/Tournaments/Arena.pgn

No:  B/W 1/2     W:B       1:2           Time        Value Moves Dep 1:2       1-2-Draws

--------------------------------------------------------------

Engine-Match 12 November 2018 12:36:55
 Tournament Game in 5 Minutes 

Pairing 1/1 :    ozzy {Human}  -  capablanca

PGN-File: /home/ozzy/Tournaments/Arena.pgn

No:  B/W 1/2     W:B       1:2           Time        Value Moves Dep 1:2       1-2-Draws

--------------------------------------------------------------

Engine-Match 12 November 2018 12:36:56
 Tournament Game in 5 Minutes 

Pairing 1/1 :    ozzy {Human}  -  capablanca

PGN-File: /home/ozzy/Tournaments/Arena.pgn

No:  B/W 1/2     W:B       1:2           Time        Value Moves Dep 1:2       1-2-Draws

--------------------------------------------------------------

Engine-Match 12 November 2018 12:36:57
 Tournament Game in 5 Minutes 

Pairing 1/1 :    ozzy {Human}  -  capablanca

PGN-File: /home/ozzy/Tournaments/Arena.pgn

No:  B/W 1/2     W:B       1:2           Time        Value Moves Dep 1:2       1-2-Draws

--------------------------------------------------------------

Engine-Match 12 November 2018 12:36:59
 Tournament Game in 5 Minutes 

Pairing 1/1 :    ozzy {Human}  -  capablanca

PGN-File: /home/ozzy/Tournaments/Arena.pgn

No:  B/W 1/2     W:B       1:2           Time        Value Moves Dep 1:2       1-2-Draws

--------------------------------------------------------------

Engine-Match 12 November 2018 12:37:00
 Tournament Game in 5 Minutes 

Pairing 1/1 :    ozzy {Human}  -  capablanca

PGN-File: /home/ozzy/Tournaments/Arena.pgn

No:  B/W 1/2     W:B       1:2           Time        Value Moves Dep 1:2       1-2-Draws

--------------------------------------------------------------

Engine-Match 12 November 2018 12:37:47
 Tournament Game in 5 Minutes 

Pairing 1/1 :    ozzy {Human}  -  capablanca

PGN-File: /home/ozzy/Tournaments/Arena.pgn

No:  B/W 1/2     W:B       1:2           Time        Value Moves Dep 1:2       1-2-Draws
   2 * *     0.0:0.0        1.0:0.0       12:37:59    -0.00     2 0:10.000  1-0-0

--------------------------------------------------------------

Engine-Match 12 November 2018 12:40:50
 Tournament Game in 5 Minutes 

Pairing 1/1 :    ozzy {Human}  -  Main [001]

PGN-File: /home/ozzy/Tournaments/Arena.pgn

No:  B/W 1/2     W:B       1:2           Time        Value Moves Dep 1:2       1-2-Draws
   1 W 1    1.0:0.0        1.0:0.0       12:40:54    -0.00     1 0:0 1-0-0

--------------------------------------------------------------

Engine-Match 12 November 2018 12:45:50
 Tournament Game in 5 Minutes 

Pairing 1/1 :    ozzy {Human}  -  capablanca

PGN-File: /home/ozzy/Tournaments/Arena.pgn

No:  B/W 1/2     W:B       1:2           Time        Value Moves Dep 1:2       1-2-Draws
   2 B 1    1.0:0.0        2.0:0.0       12:49:03    -0.00    11 0:10.000  2-0-0
   3 W 1    1.0:0.0        3.0:0.0       12:51:26    -0.00     1 0:0 3-0-0
   3 W 1    1.0:0.0        3.0:0.0       12:58:39    -0.00     1 0:0 3-0-0
   5 W 1    1.0:0.0        4.0:1.0       13:06:55    -0.00     1 0:0 4-1-0
   7 W 1    1.0:0.0        6.0:1.0       13:12:20    -0.00     1 0:0 6-1-0
   8 B 1    1.0:0.0        7.0:1.0       13:17:13    -0.00     8 0:10.000  7-1-0
   9 W 1    1.0:0.0        8.0:1.0       13:22:23    -0.00     1 0:0 8-1-0
  10 * *     0.0:0.0        8.0:1.0       13:24:45    -0.00     0 0:0 8-1-0

--------------------------------------------------------------

Engine-Match 12 November 2018 13:24:56
 Tournament Game in 5 Minutes 

Pairing 1/1 :    ozzy {Human}  -  capablanca

PGN-File: /home/ozzy/Tournaments/Arena.pgn

No:  B/W 1/2     W:B       1:2           Time        Value Moves Dep 1:2       1-2-Draws
  10 * *     0.0:0.0        8.0:1.0       13:26:18    -0.00     0 0:0 8-1-0

--------------------------------------------------------------

Engine-Match 12 November 2018 13:26:27
 Tournament Game in 5 Minutes 

Pairing 1/1 :    ozzy {Human}  -  capablanca

PGN-File: /home/ozzy/Tournaments/Arena.pgn

No:  B/W 1/2     W:B       1:2           Time        Value Moves Dep 1:2       1-2-Draws
  10 * *     0.0:0.0        8.0:1.0       13:29:16    -0.00     0 0:0 8-1-0

--------------------------------------------------------------

Engine-Match 12 November 2018 13:29:37
 Tournament Game in 5 Minutes 

Pairing 1/1 :    ozzy {Human}  -  capablanca

PGN-File: /home/ozzy/Tournaments/Arena.pgn

No:  B/W 1/2     W:B       1:2           Time        Value Moves Dep 1:2       1-2-Draws
  10 * *     0.0:0.0        8.0:1.0       13:30:23    -0.00     0 0:0 8-1-0

--------------------------------------------------------------

Engine-Match 12 November 2018 13:30:40
 Tournament Game in 5 Minutes 

Pairing 1/1 :    ozzy {Human}  -  capablanca

PGN-File: /home/ozzy/Tournaments/Arena.pgn

No:  B/W 1/2     W:B       1:2           Time        Value Moves Dep 1:2       1-2-Draws
  10 * *     0.0:0.0        8.0:1.0       13:32:06    -0.00     0 0:0 8-1-0
  10 * *     0.0:0.0        8.0:1.0       14:06:15    -0.00     0 0:0 8-1-0

--------------------------------------------------------------

Engine-Match 12 November 2018 14:06:51
 Tournament Game in 5 Minutes 

Pairing 1/1 :    ozzy {Human}  -  capablanca

PGN-File: /home/ozzy/Tournaments/Arena.pgn

No:  B/W 1/2     W:B       1:2           Time        Value Moves Dep 1:2       1-2-Draws

--------------------------------------------------------------

Engine-Match 12 November 2018 14:06:53
 Tournament Game in 5 Minutes 

Pairing 1/1 :    ozzy {Human}  -  capablanca

PGN-File: /home/ozzy/Tournaments/Arena.pgn

No:  B/W 1/2     W:B       1:2           Time        Value Moves Dep 1:2       1-2-Draws

--------------------------------------------------------------

Engine-Match 12 November 2018 14:06:55
 Tournament Game in 5 Minutes 

Pairing 1/1 :    ozzy {Human}  -  capablanca

PGN-File: /home/ozzy/Tournaments/Arena.pgn

No:  B/W 1/2     W:B       1:2           Time        Value Moves Dep 1:2       1-2-Draws

--------------------------------------------------------------

Engine-Match 12 November 2018 14:06:59
 Tournament Game in 5 Minutes 

Pairing 1/1 :    ozzy {Human}  -  capablanca

PGN-File: /home/ozzy/Tournaments/Arena.pgn

No:  B/W 1/2     W:B       1:2           Time        Value Moves Dep 1:2       1-2-Draws

--------------------------------------------------------------

Engine-Match 12 November 2018 14:07:00
 Tournament Game in 5 Minutes 

Pairing 1/1 :    ozzy {Human}  -  capablanca

PGN-File: /home/ozzy/Tournaments/Arena.pgn

No:  B/W 1/2     W:B       1:2           Time        Value Moves Dep 1:2       1-2-Draws

--------------------------------------------------------------

Engine-Match 12 November 2018 14:07:01
 Tournament Game in 5 Minutes 

Pairing 1/1 :    ozzy {Human}  -  capablanca

PGN-File: /home/ozzy/Tournaments/Arena.pgn

No:  B/W 1/2     W:B       1:2           Time        Value Moves Dep 1:2       1-2-Draws

--------------------------------------------------------------

Engine-Match 12 November 2018 14:07:02
 Tournament Game in 5 Minutes 

Pairing 1/1 :    ozzy {Human}  -  capablanca

PGN-File: /home/ozzy/Tournaments/Arena.pgn

No:  B/W 1/2     W:B       1:2           Time        Value Moves Dep 1:2       1-2-Draws

--------------------------------------------------------------

Engine-Match 12 November 2018 14:07:14
 Tournament Game in 5 Minutes 

Pairing 1/1 :    ozzy {Human}  -  capablanca

PGN-File: /home/ozzy/Tournaments/Arena.pgn

No:  B/W 1/2     W:B       1:2           Time        Value Moves Dep 1:2       1-2-Draws
  10 B 1    1.0:0.0        9.0:1.0       14:12:18    -0.00     1 0:0 9-1-0

--------------------------------------------------------------

Engine-Match 12 November 2018 15:04:16
 Tournament Game in 5 Minutes 

Pairing 1/1 :    ozzy {Human}  -  capablanca


No:  B/W 1/2     W:B       1:2           Time        Value Moves Dep 1:2       1-2-Draws

--------------------------------------------------------------

Engine-Match 12 November 2018 15:04:19
 Tournament Game in 5 Minutes 

Pairing 1/1 :    ozzy {Human}  -  capablanca


No:  B/W 1/2     W:B       1:2           Time        Value Moves Dep 1:2       1-2-Draws

--------------------------------------------------------------

Engine-Match 12 November 2018 15:04:24
 Tournament Game in 5 Minutes 

Pairing 1/1 :    ozzy {Human}  -  capablanca


No:  B/W 1/2     W:B       1:2           Time        Value Moves Dep 1:2       1-2-Draws

--------------------------------------------------------------

Engine-Match 12 November 2018 15:04:28
 Tournament Game in 5 Minutes 

Pairing 1/1 :    ozzy {Human}  -  capablanca


No:  B/W 1/2     W:B       1:2           Time        Value Moves Dep 1:2       1-2-Draws

--------------------------------------------------------------

Engine-Match 12 November 2018 15:04:31
 Tournament Game in 5 Minutes 

Pairing 1/1 :    ozzy {Human}  -  capablanca


No:  B/W 1/2     W:B       1:2           Time        Value Moves Dep 1:2       1-2-Draws

--------------------------------------------------------------

Engine-Match 12 November 2018 15:04:37
 Tournament Game in 5 Minutes 

Pairing 1/1 :    ozzy {Human}  -  capablanca


No:  B/W 1/2     W:B       1:2           Time        Value Moves Dep 1:2       1-2-Draws

--------------------------------------------------------------

Engine-Match 12 November 2018 15:04:43
 Tournament Game in 5 Minutes 

Pairing 1/1 :    ozzy {Human}  -  capablanca


No:  B/W 1/2     W:B       1:2           Time        Value Moves Dep 1:2       1-2-Draws

--------------------------------------------------------------

Engine-Match 12 November 2018 15:04:48
 Tournament Game in 5 Minutes 

Pairing 1/1 :    ozzy {Human}  -  capablanca


No:  B/W 1/2     W:B       1:2           Time        Value Moves Dep 1:2       1-2-Draws

--------------------------------------------------------------

Engine-Match 12 November 2018 15:04:50
 Tournament Game in 5 Minutes 

Pairing 1/1 :    ozzy {Human}  -  capablanca


No:  B/W 1/2     W:B       1:2           Time        Value Moves Dep 1:2       1-2-Draws

--------------------------------------------------------------

Engine-Match 12 November 2018 15:04:50
 Tournament Game in 5 Minutes 

Pairing 1/1 :    ozzy {Human}  -  capablanca


No:  B/W 1/2     W:B       1:2           Time        Value Moves Dep 1:2       1-2-Draws

--------------------------------------------------------------

Engine-Match 12 November 2018 15:04:53
 Tournament Game in 5 Minutes 

Pairing 1/1 :    ozzy {Human}  -  capablanca


No:  B/W 1/2     W:B       1:2           Time        Value Moves Dep 1:2       1-2-Draws

--------------------------------------------------------------

Engine-Match 12 November 2018 15:04:54
 Tournament Game in 5 Minutes 

Pairing 1/1 :    ozzy {Human}  -  capablanca


No:  B/W 1/2     W:B       1:2           Time        Value Moves Dep 1:2       1-2-Draws

--------------------------------------------------------------

Engine-Match 12 November 2018 15:04:56
 Tournament Game in 5 Minutes 

Pairing 1/1 :    ozzy {Human}  -  capablanca


No:  B/W 1/2     W:B       1:2           Time        Value Moves Dep 1:2       1-2-Draws

--------------------------------------------------------------

Engine-Match 12 November 2018 15:04:58
 Tournament Game in 5 Minutes 

Pairing 1/1 :    ozzy {Human}  -  capablanca


No:  B/W 1/2     W:B       1:2           Time        Value Moves Dep 1:2       1-2-Draws

--------------------------------------------------------------

Engine-Match 12 November 2018 15:05:51
 Tournament Game in 5 Minutes 

Pairing 1/1 :    ozzy {Human}  -  capablanca


No:  B/W 1/2     W:B       1:2           Time        Value Moves Dep 1:2       1-2-Draws

--------------------------------------------------------------

Engine-Match 12 November 2018 15:11:53
 Tournament Game in 5 Minutes 

Pairing 1/1 :    ozzy {Human}  -  capablanca


No:  B/W 1/2     W:B       1:2           Time        Value Moves Dep 1:2       1-2-Draws

--------------------------------------------------------------

Engine-Match 12 November 2018 15:11:53
 Tournament Game in 5 Minutes 

Pairing 1/1 :    ozzy {Human}  -  capablanca


No:  B/W 1/2     W:B       1:2           Time        Value Moves Dep 1:2       1-2-Draws

--------------------------------------------------------------

Engine-Match 12 November 2018 15:11:53
 Tournament Game in 5 Minutes 

Pairing 1/1 :    ozzy {Human}  -  capablanca


No:  B/W 1/2     W:B       1:2           Time        Value Moves Dep 1:2       1-2-Draws

--------------------------------------------------------------

Engine-Match 12 November 2018 15:11:53
 Tournament Game in 5 Minutes 

Pairing 1/1 :    ozzy {Human}  -  capablanca


No:  B/W 1/2     W:B       1:2           Time        Value Moves Dep 1:2       1-2-Draws

--------------------------------------------------------------

Engine-Match 12 November 2018 15:11:53
 Tournament Game in 5 Minutes 

Pairing 1/1 :    ozzy {Human}  -  capablanca


No:  B/W 1/2     W:B       1:2           Time        Value Moves Dep 1:2       1-2-Draws

--------------------------------------------------------------

Engine-Match 12 November 2018 15:11:53
 Tournament Game in 5 Minutes 

Pairing 1/1 :    ozzy {Human}  -  capablanca


No:  B/W 1/2     W:B       1:2           Time        Value Moves Dep 1:2       1-2-Draws

--------------------------------------------------------------

Engine-Match 12 November 2018 15:11:54
 Tournament Game in 5 Minutes 

Pairing 1/1 :    ozzy {Human}  -  capablanca


No:  B/W 1/2     W:B       1:2           Time        Value Moves Dep 1:2       1-2-Draws

--------------------------------------------------------------

Engine-Match 12 November 2018 15:11:54
 Tournament Game in 5 Minutes 

Pairing 1/1 :    ozzy {Human}  -  capablanca


No:  B/W 1/2     W:B       1:2           Time        Value Moves Dep 1:2       1-2-Draws

--------------------------------------------------------------

Engine-Match 12 November 2018 15:11:54
 Tournament Game in 5 Minutes 

Pairing 1/1 :    ozzy {Human}  -  capablanca


No:  B/W 1/2     W:B       1:2           Time        Value Moves Dep 1:2       1-2-Draws

--------------------------------------------------------------

Engine-Match 12 November 2018 15:11:54
 Tournament Game in 5 Minutes 

Pairing 1/1 :    ozzy {Human}  -  capablanca


No:  B/W 1/2     W:B       1:2           Time        Value Moves Dep 1:2       1-2-Draws

--------------------------------------------------------------

Engine-Match 12 November 2018 15:11:54
 Tournament Game in 5 Minutes 

Pairing 1/1 :    ozzy {Human}  -  capablanca


No:  B/W 1/2     W:B       1:2           Time        Value Moves Dep 1:2       1-2-Draws

--------------------------------------------------------------

Engine-Match 12 November 2018 15:11:54
 Tournament Game in 5 Minutes 

Pairing 1/1 :    ozzy {Human}  -  capablanca


No:  B/W 1/2     W:B       1:2           Time        Value Moves Dep 1:2       1-2-Draws

--------------------------------------------------------------

Engine-Match 12 November 2018 15:11:54
 Tournament Game in 5 Minutes 

Pairing 1/1 :    ozzy {Human}  -  capablanca


No:  B/W 1/2     W:B       1:2           Time        Value Moves Dep 1:2       1-2-Draws

--------------------------------------------------------------

Engine-Match 12 November 2018 15:11:55
 Tournament Game in 5 Minutes 

Pairing 1/1 :    ozzy {Human}  -  capablanca


No:  B/W 1/2     W:B       1:2           Time        Value Moves Dep 1:2       1-2-Draws

--------------------------------------------------------------

Engine-Match 12 November 2018 15:11:55
 Tournament Game in 5 Minutes 

Pairing 1/1 :    ozzy {Human}  -  capablanca


No:  B/W 1/2     W:B       1:2           Time        Value Moves Dep 1:2       1-2-Draws

--------------------------------------------------------------

Engine-Match 12 November 2018 15:11:55
 Tournament Game in 5 Minutes 

Pairing 1/1 :    ozzy {Human}  -  capablanca


No:  B/W 1/2     W:B       1:2           Time        Value Moves Dep 1:2       1-2-Draws

--------------------------------------------------------------

Engine-Match 12 November 2018 15:11:55
 Tournament Game in 5 Minutes 

Pairing 1/1 :    ozzy {Human}  -  capablanca


No:  B/W 1/2     W:B       1:2           Time        Value Moves Dep 1:2       1-2-Draws

--------------------------------------------------------------

Engine-Match 12 November 2018 15:11:55
 Tournament Game in 5 Minutes 

Pairing 1/1 :    ozzy {Human}  -  capablanca


No:  B/W 1/2     W:B       1:2           Time        Value Moves Dep 1:2       1-2-Draws

--------------------------------------------------------------

Engine-Match 12 November 2018 15:11:55
 Tournament Game in 5 Minutes 

Pairing 1/1 :    ozzy {Human}  -  capablanca


No:  B/W 1/2     W:B       1:2           Time        Value Moves Dep 1:2       1-2-Draws

--------------------------------------------------------------

Engine-Match 12 November 2018 15:11:56
 Tournament Game in 5 Minutes 

Pairing 1/1 :    ozzy {Human}  -  capablanca


No:  B/W 1/2     W:B       1:2           Time        Value Moves Dep 1:2       1-2-Draws

--------------------------------------------------------------

Engine-Match 12 November 2018 15:11:56
 Tournament Game in 5 Minutes 

Pairing 1/1 :    ozzy {Human}  -  capablanca


No:  B/W 1/2     W:B       1:2           Time        Value Moves Dep 1:2       1-2-Draws

--------------------------------------------------------------

Engine-Match 12 November 2018 15:11:56
 Tournament Game in 5 Minutes 

Pairing 1/1 :    ozzy {Human}  -  capablanca


No:  B/W 1/2     W:B       1:2           Time        Value Moves Dep 1:2       1-2-Draws

--------------------------------------------------------------

Engine-Match 12 November 2018 15:11:56
 Tournament Game in 5 Minutes 

Pairing 1/1 :    ozzy {Human}  -  capablanca


No:  B/W 1/2     W:B       1:2           Time        Value Moves Dep 1:2       1-2-Draws

--------------------------------------------------------------

Engine-Match 12 November 2018 15:11:56
 Tournament Game in 5 Minutes 

Pairing 1/1 :    ozzy {Human}  -  capablanca


No:  B/W 1/2     W:B       1:2           Time        Value Moves Dep 1:2       1-2-Draws

--------------------------------------------------------------

Engine-Match 12 November 2018 15:11:56
 Tournament Game in 5 Minutes 

Pairing 1/1 :    ozzy {Human}  -  capablanca


No:  B/W 1/2     W:B       1:2           Time        Value Moves Dep 1:2       1-2-Draws

--------------------------------------------------------------

Engine-Match 12 November 2018 15:11:56
 Tournament Game in 5 Minutes 

Pairing 1/1 :    ozzy {Human}  -  capablanca


No:  B/W 1/2     W:B       1:2           Time        Value Moves Dep 1:2       1-2-Draws

--------------------------------------------------------------

Engine-Match 12 November 2018 15:11:57
 Tournament Game in 5 Minutes 

Pairing 1/1 :    ozzy {Human}  -  capablanca


No:  B/W 1/2     W:B       1:2           Time        Value Moves Dep 1:2       1-2-Draws

--------------------------------------------------------------

Engine-Match 12 November 2018 15:11:57
 Tournament Game in 5 Minutes 

Pairing 1/1 :    ozzy {Human}  -  capablanca


No:  B/W 1/2     W:B       1:2           Time        Value Moves Dep 1:2       1-2-Draws

--------------------------------------------------------------

Engine-Match 12 November 2018 15:11:57
 Tournament Game in 5 Minutes 

Pairing 1/1 :    ozzy {Human}  -  capablanca


No:  B/W 1/2     W:B       1:2           Time        Value Moves Dep 1:2       1-2-Draws

--------------------------------------------------------------

Engine-Match 12 November 2018 15:11:57
 Tournament Game in 5 Minutes 

Pairing 1/1 :    ozzy {Human}  -  capablanca


No:  B/W 1/2     W:B       1:2           Time        Value Moves Dep 1:2       1-2-Draws

--------------------------------------------------------------

Engine-Match 12 November 2018 15:11:57
 Tournament Game in 5 Minutes 

Pairing 1/1 :    ozzy {Human}  -  capablanca


No:  B/W 1/2     W:B       1:2           Time        Value Moves Dep 1:2       1-2-Draws

--------------------------------------------------------------

Engine-Match 12 November 2018 15:11:57
 Tournament Game in 5 Minutes 

Pairing 1/1 :    ozzy {Human}  -  capablanca


No:  B/W 1/2     W:B       1:2           Time        Value Moves Dep 1:2       1-2-Draws

--------------------------------------------------------------

Engine-Match 12 November 2018 15:11:57
 Tournament Game in 5 Minutes 

Pairing 1/1 :    ozzy {Human}  -  capablanca


No:  B/W 1/2     W:B       1:2           Time        Value Moves Dep 1:2       1-2-Draws

--------------------------------------------------------------

Engine-Match 12 November 2018 15:11:58
 Tournament Game in 5 Minutes 

Pairing 1/1 :    ozzy {Human}  -  capablanca


No:  B/W 1/2     W:B       1:2           Time        Value Moves Dep 1:2       1-2-Draws

--------------------------------------------------------------

Engine-Match 12 November 2018 15:11:58
 Tournament Game in 5 Minutes 

Pairing 1/1 :    ozzy {Human}  -  capablanca


No:  B/W 1/2     W:B       1:2           Time        Value Moves Dep 1:2       1-2-Draws

--------------------------------------------------------------

Engine-Match 12 November 2018 15:11:58
 Tournament Game in 5 Minutes 

Pairing 1/1 :    ozzy {Human}  -  capablanca


No:  B/W 1/2     W:B       1:2           Time        Value Moves Dep 1:2       1-2-Draws

--------------------------------------------------------------

Engine-Match 12 November 2018 15:11:58
 Tournament Game in 5 Minutes 

Pairing 1/1 :    ozzy {Human}  -  capablanca


No:  B/W 1/2     W:B       1:2           Time        Value Moves Dep 1:2       1-2-Draws

--------------------------------------------------------------

Engine-Match 12 November 2018 15:11:58
 Tournament Game in 5 Minutes 

Pairing 1/1 :    ozzy {Human}  -  capablanca


No:  B/W 1/2     W:B       1:2           Time        Value Moves Dep 1:2       1-2-Draws

--------------------------------------------------------------

Engine-Match 12 November 2018 15:11:58
 Tournament Game in 5 Minutes 

Pairing 1/1 :    ozzy {Human}  -  capablanca


No:  B/W 1/2     W:B       1:2           Time        Value Moves Dep 1:2       1-2-Draws

--------------------------------------------------------------

Engine-Match 12 November 2018 15:11:59
 Tournament Game in 5 Minutes 

Pairing 1/1 :    ozzy {Human}  -  capablanca


No:  B/W 1/2     W:B       1:2           Time        Value Moves Dep 1:2       1-2-Draws

--------------------------------------------------------------

Engine-Match 12 November 2018 15:11:59
 Tournament Game in 5 Minutes 

Pairing 1/1 :    ozzy {Human}  -  capablanca


No:  B/W 1/2     W:B       1:2           Time        Value Moves Dep 1:2       1-2-Draws

--------------------------------------------------------------

Engine-Match 12 November 2018 15:11:59
 Tournament Game in 5 Minutes 

Pairing 1/1 :    ozzy {Human}  -  capablanca


No:  B/W 1/2     W:B       1:2           Time        Value Moves Dep 1:2       1-2-Draws

--------------------------------------------------------------

Engine-Match 12 November 2018 15:11:59
 Tournament Game in 5 Minutes 

Pairing 1/1 :    ozzy {Human}  -  capablanca


No:  B/W 1/2     W:B       1:2           Time        Value Moves Dep 1:2       1-2-Draws

--------------------------------------------------------------

Engine-Match 12 November 2018 15:11:59
 Tournament Game in 5 Minutes 

Pairing 1/1 :    ozzy {Human}  -  capablanca


No:  B/W 1/2     W:B       1:2           Time        Value Moves Dep 1:2       1-2-Draws

--------------------------------------------------------------

Engine-Match 12 November 2018 15:11:59
 Tournament Game in 5 Minutes 

Pairing 1/1 :    ozzy {Human}  -  capablanca


No:  B/W 1/2     W:B       1:2           Time        Value Moves Dep 1:2       1-2-Draws

--------------------------------------------------------------

Engine-Match 12 November 2018 15:11:59
 Tournament Game in 5 Minutes 

Pairing 1/1 :    ozzy {Human}  -  capablanca


No:  B/W 1/2     W:B       1:2           Time        Value Moves Dep 1:2       1-2-Draws

--------------------------------------------------------------

Engine-Match 12 November 2018 15:12:00
 Tournament Game in 5 Minutes 

Pairing 1/1 :    ozzy {Human}  -  capablanca


No:  B/W 1/2     W:B       1:2           Time        Value Moves Dep 1:2       1-2-Draws

--------------------------------------------------------------

Engine-Match 12 November 2018 15:12:00
 Tournament Game in 5 Minutes 

Pairing 1/1 :    ozzy {Human}  -  capablanca


No:  B/W 1/2     W:B       1:2           Time        Value Moves Dep 1:2       1-2-Draws

--------------------------------------------------------------

Engine-Match 12 November 2018 15:12:00
 Tournament Game in 5 Minutes 

Pairing 1/1 :    ozzy {Human}  -  capablanca


No:  B/W 1/2     W:B       1:2           Time        Value Moves Dep 1:2       1-2-Draws

--------------------------------------------------------------

Engine-Match 12 November 2018 15:12:00
 Tournament Game in 5 Minutes 

Pairing 1/1 :    ozzy {Human}  -  capablanca


No:  B/W 1/2     W:B       1:2           Time        Value Moves Dep 1:2       1-2-Draws

--------------------------------------------------------------

Engine-Match 12 November 2018 15:12:00
 Tournament Game in 5 Minutes 

Pairing 1/1 :    ozzy {Human}  -  capablanca


No:  B/W 1/2     W:B       1:2           Time        Value Moves Dep 1:2       1-2-Draws

--------------------------------------------------------------

Engine-Match 12 November 2018 15:12:00
 Tournament Game in 5 Minutes 

Pairing 1/1 :    ozzy {Human}  -  capablanca


No:  B/W 1/2     W:B       1:2           Time        Value Moves Dep 1:2       1-2-Draws

--------------------------------------------------------------

Engine-Match 12 November 2018 15:12:00
 Tournament Game in 5 Minutes 

Pairing 1/1 :    ozzy {Human}  -  capablanca


No:  B/W 1/2     W:B       1:2           Time        Value Moves Dep 1:2       1-2-Draws

--------------------------------------------------------------

Engine-Match 12 November 2018 15:12:00
 Tournament Game in 5 Minutes 

Pairing 1/1 :    ozzy {Human}  -  capablanca


No:  B/W 1/2     W:B       1:2           Time        Value Moves Dep 1:2       1-2-Draws

--------------------------------------------------------------

Engine-Match 12 November 2018 15:12:01
 Tournament Game in 5 Minutes 

Pairing 1/1 :    ozzy {Human}  -  capablanca


No:  B/W 1/2     W:B       1:2           Time        Value Moves Dep 1:2       1-2-Draws
   1 * *     0.0:0.0        0.0:0.0       15:12:01    -0.00     1 0:0 0-0-0

--------------------------------------------------------------

Engine-Match 12 November 2018 15:12:31
 Tournament Game in 5 Minutes 

Pairing 1/1 :    ozzy {Human}  -  capablanca


No:  B/W 1/2     W:B       1:2           Time        Value Moves Dep 1:2       1-2-Draws
   1 W 1    1.0:0.0        1.0:0.0       15:12:40    -0.00     0 0:0 1-0-0
   2 * *     1.0:0.0        1.0:0.0       15:18:27    -0.00    16 0:0 1-0-0

--------------------------------------------------------------

Engine-Match 12 November 2018 15:19:03
 Tournament Game in 5 Minutes 

Pairing 1/1 :    ozzy {Human}  -  capablanca


No:  B/W 1/2     W:B       1:2           Time        Value Moves Dep 1:2       1-2-Draws
   2 * *     0.0:0.0        1.0:0.0       15:24:46    -0.00     1 0:0 1-0-0

--------------------------------------------------------------

Engine-Match 12 November 2018 15:25:04
 Tournament Game in 5 Minutes 

Pairing 1/1 :    ozzy {Human}  -  capablanca


No:  B/W 1/2     W:B       1:2           Time        Value Moves Dep 1:2       1-2-Draws
   2 B 1    1.0:0.0        2.0:0.0       15:32:40    -0.00     3 0:2.000  2-0-0

--------------------------------------------------------------

Engine-Match 12 November 2018 15:34:15
 Tournament Game in 20 Minutes 

Pairing 1/1 :    ozzy {Human}  -  capablanca


No:  B/W 1/2     W:B       1:2           Time        Value Moves Dep 1:2       1-2-Draws
   3 = =    0.5:0.5        2.5:0.5       15:34:21    -0.00     0 0:0 2-0-1

--------------------------------------------------------------

Engine-Match 12 November 2018 15:41:00
 Tournament Game in 20 Minutes 

Pairing 1/1 :    ozzy {Human}  -  capablanca


No:  B/W 1/2     W:B       1:2           Time        Value Moves Dep 1:2       1-2-Draws

--------------------------------------------------------------

Engine-Match 12 November 2018 15:41:01
 Tournament Game in 20 Minutes 

Pairing 1/1 :    ozzy {Human}  -  capablanca


No:  B/W 1/2     W:B       1:2           Time        Value Moves Dep 1:2       1-2-Draws

--------------------------------------------------------------

Engine-Match 12 November 2018 15:41:03
 Tournament Game in 20 Minutes 

Pairing 1/1 :    ozzy {Human}  -  capablanca


No:  B/W 1/2     W:B       1:2           Time        Value Moves Dep 1:2       1-2-Draws

--------------------------------------------------------------

Engine-Match 12 November 2018 15:41:04
 Tournament Game in 20 Minutes 

Pairing 1/1 :    ozzy {Human}  -  capablanca


No:  B/W 1/2     W:B       1:2           Time        Value Moves Dep 1:2       1-2-Draws

--------------------------------------------------------------

Engine-Match 12 November 2018 15:41:05
 Tournament Game in 20 Minutes 

Pairing 1/1 :    ozzy {Human}  -  capablanca


No:  B/W 1/2     W:B       1:2           Time        Value Moves Dep 1:2       1-2-Draws

--------------------------------------------------------------

Engine-Match 12 November 2018 15:41:06
 Tournament Game in 20 Minutes 

Pairing 1/1 :    ozzy {Human}  -  capablanca


No:  B/W 1/2     W:B       1:2           Time        Value Moves Dep 1:2       1-2-Draws

--------------------------------------------------------------

Engine-Match 12 November 2018 15:41:10
 Tournament Game in 20 Minutes 

Pairing 1/1 :    ozzy {Human}  -  capablanca


No:  B/W 1/2     W:B       1:2           Time        Value Moves Dep 1:2       1-2-Draws

--------------------------------------------------------------

Engine-Match 12 November 2018 15:41:10
 Tournament Game in 20 Minutes 

Pairing 1/1 :    ozzy {Human}  -  capablanca


No:  B/W 1/2     W:B       1:2           Time        Value Moves Dep 1:2       1-2-Draws

--------------------------------------------------------------

Engine-Match 12 November 2018 15:41:11
 Tournament Game in 20 Minutes 

Pairing 1/1 :    ozzy {Human}  -  capablanca


No:  B/W 1/2     W:B       1:2           Time        Value Moves Dep 1:2       1-2-Draws

--------------------------------------------------------------

Engine-Match 12 November 2018 15:41:27
 Tournament Game in 20 Minutes 

Pairing 1/1 :    ozzy {Human}  -  capablanca


No:  B/W 1/2     W:B       1:2           Time        Value Moves Dep 1:2       1-2-Draws

--------------------------------------------------------------

Engine-Match 12 November 2018 15:41:34
 Tournament Game in 20 Minutes 

Pairing 1/1 :    ozzy {Human}  -  capablanca


No:  B/W 1/2     W:B       1:2           Time        Value Moves Dep 1:2       1-2-Draws

--------------------------------------------------------------

Engine-Match 12 November 2018 15:41:38
 Tournament Game in 20 Minutes 

Pairing 1/1 :    ozzy {Human}  -  capablanca


No:  B/W 1/2     W:B       1:2           Time        Value Moves Dep 1:2       1-2-Draws

--------------------------------------------------------------

Engine-Match 12 November 2018 15:41:50
 Tournament Game in 20 Minutes 

Pairing 1/1 :    ozzy {Human}  -  capablanca


No:  B/W 1/2     W:B       1:2           Time        Value Moves Dep 1:2       1-2-Draws

--------------------------------------------------------------

Engine-Match 12 November 2018 15:41:51
 Tournament Game in 20 Minutes 

Pairing 1/1 :    ozzy {Human}  -  capablanca


No:  B/W 1/2     W:B       1:2           Time        Value Moves Dep 1:2       1-2-Draws

--------------------------------------------------------------

Engine-Match 12 November 2018 15:41:57
 Tournament Game in 20 Minutes 

Pairing 1/1 :    ozzy {Human}  -  capablanca


No:  B/W 1/2     W:B       1:2           Time        Value Moves Dep 1:2       1-2-Draws

--------------------------------------------------------------

Engine-Match 12 November 2018 15:41:58
 Tournament Game in 20 Minutes 

Pairing 1/1 :    ozzy {Human}  -  capablanca


No:  B/W 1/2     W:B       1:2           Time        Value Moves Dep 1:2       1-2-Draws

--------------------------------------------------------------

Engine-Match 12 November 2018 15:41:59
 Tournament Game in 20 Minutes 

Pairing 1/1 :    ozzy {Human}  -  capablanca


No:  B/W 1/2     W:B       1:2           Time        Value Moves Dep 1:2       1-2-Draws

--------------------------------------------------------------

Engine-Match 12 November 2018 15:42:00
 Tournament Game in 20 Minutes 

Pairing 1/1 :    ozzy {Human}  -  capablanca


No:  B/W 1/2     W:B       1:2           Time        Value Moves Dep 1:2       1-2-Draws

--------------------------------------------------------------

Engine-Match 12 November 2018 15:42:00
 Tournament Game in 20 Minutes 

Pairing 1/1 :    ozzy {Human}  -  capablanca


No:  B/W 1/2     W:B       1:2           Time        Value Moves Dep 1:2       1-2-Draws

--------------------------------------------------------------

Engine-Match 12 November 2018 15:42:00
 Tournament Game in 20 Minutes 

Pairing 1/1 :    ozzy {Human}  -  capablanca


No:  B/W 1/2     W:B       1:2           Time        Value Moves Dep 1:2       1-2-Draws

--------------------------------------------------------------

Engine-Match 12 November 2018 15:42:01
 Tournament Game in 20 Minutes 

Pairing 1/1 :    ozzy {Human}  -  capablanca


No:  B/W 1/2     W:B       1:2           Time        Value Moves Dep 1:2       1-2-Draws

--------------------------------------------------------------

Engine-Match 12 November 2018 15:42:01
 Tournament Game in 20 Minutes 

Pairing 1/1 :    ozzy {Human}  -  capablanca


No:  B/W 1/2     W:B       1:2           Time        Value Moves Dep 1:2       1-2-Draws

--------------------------------------------------------------

Engine-Match 12 November 2018 15:42:01
 Tournament Game in 20 Minutes 

Pairing 1/1 :    ozzy {Human}  -  capablanca


No:  B/W 1/2     W:B       1:2           Time        Value Moves Dep 1:2       1-2-Draws

--------------------------------------------------------------

Engine-Match 12 November 2018 15:42:02
 Tournament Game in 20 Minutes 

Pairing 1/1 :    ozzy {Human}  -  capablanca


No:  B/W 1/2     W:B       1:2           Time        Value Moves Dep 1:2       1-2-Draws

--------------------------------------------------------------

Engine-Match 12 November 2018 15:42:03
 Tournament Game in 20 Minutes 

Pairing 1/1 :    ozzy {Human}  -  capablanca


No:  B/W 1/2     W:B       1:2           Time        Value Moves Dep 1:2       1-2-Draws

--------------------------------------------------------------

Engine-Match 12 November 2018 15:42:03
 Tournament Game in 20 Minutes 

Pairing 1/1 :    ozzy {Human}  -  capablanca


No:  B/W 1/2     W:B       1:2           Time        Value Moves Dep 1:2       1-2-Draws

--------------------------------------------------------------

Engine-Match 12 November 2018 15:42:04
 Tournament Game in 20 Minutes 

Pairing 1/1 :    ozzy {Human}  -  capablanca


No:  B/W 1/2     W:B       1:2           Time        Value Moves Dep 1:2       1-2-Draws

--------------------------------------------------------------

Engine-Match 12 November 2018 15:42:04
 Tournament Game in 20 Minutes 

Pairing 1/1 :    ozzy {Human}  -  capablanca


No:  B/W 1/2     W:B       1:2           Time        Value Moves Dep 1:2       1-2-Draws

--------------------------------------------------------------

Engine-Match 12 November 2018 15:42:05
 Tournament Game in 20 Minutes 

Pairing 1/1 :    ozzy {Human}  -  capablanca


No:  B/W 1/2     W:B       1:2           Time        Value Moves Dep 1:2       1-2-Draws

--------------------------------------------------------------

Engine-Match 12 November 2018 15:42:05
 Tournament Game in 20 Minutes 

Pairing 1/1 :    ozzy {Human}  -  capablanca


No:  B/W 1/2     W:B       1:2           Time        Value Moves Dep 1:2       1-2-Draws

--------------------------------------------------------------

Engine-Match 12 November 2018 15:42:06
 Tournament Game in 20 Minutes 

Pairing 1/1 :    ozzy {Human}  -  capablanca


No:  B/W 1/2     W:B       1:2           Time        Value Moves Dep 1:2       1-2-Draws

--------------------------------------------------------------

Engine-Match 12 November 2018 15:42:06
 Tournament Game in 20 Minutes 

Pairing 1/1 :    ozzy {Human}  -  capablanca


No:  B/W 1/2     W:B       1:2           Time        Value Moves Dep 1:2       1-2-Draws

--------------------------------------------------------------

Engine-Match 12 November 2018 15:42:07
 Tournament Game in 20 Minutes 

Pairing 1/1 :    ozzy {Human}  -  capablanca


No:  B/W 1/2     W:B       1:2           Time        Value Moves Dep 1:2       1-2-Draws

--------------------------------------------------------------

Engine-Match 12 November 2018 15:42:07
 Tournament Game in 20 Minutes 

Pairing 1/1 :    ozzy {Human}  -  capablanca


No:  B/W 1/2     W:B       1:2           Time        Value Moves Dep 1:2       1-2-Draws

--------------------------------------------------------------

Engine-Match 12 November 2018 15:42:08
 Tournament Game in 20 Minutes 

Pairing 1/1 :    ozzy {Human}  -  capablanca


No:  B/W 1/2     W:B       1:2           Time        Value Moves Dep 1:2       1-2-Draws

--------------------------------------------------------------

Engine-Match 12 November 2018 15:42:08
 Tournament Game in 20 Minutes 

Pairing 1/1 :    ozzy {Human}  -  capablanca


No:  B/W 1/2     W:B       1:2           Time        Value Moves Dep 1:2       1-2-Draws

--------------------------------------------------------------

Engine-Match 12 November 2018 15:42:08
 Tournament Game in 20 Minutes 

Pairing 1/1 :    ozzy {Human}  -  capablanca


No:  B/W 1/2     W:B       1:2           Time        Value Moves Dep 1:2       1-2-Draws

--------------------------------------------------------------

Engine-Match 12 November 2018 15:42:09
 Tournament Game in 20 Minutes 

Pairing 1/1 :    ozzy {Human}  -  capablanca


No:  B/W 1/2     W:B       1:2           Time        Value Moves Dep 1:2       1-2-Draws

--------------------------------------------------------------

Engine-Match 12 November 2018 15:42:09
 Tournament Game in 20 Minutes 

Pairing 1/1 :    ozzy {Human}  -  capablanca


No:  B/W 1/2     W:B       1:2           Time        Value Moves Dep 1:2       1-2-Draws

--------------------------------------------------------------

Engine-Match 12 November 2018 15:42:10
 Tournament Game in 20 Minutes 

Pairing 1/1 :    ozzy {Human}  -  capablanca


No:  B/W 1/2     W:B       1:2           Time        Value Moves Dep 1:2       1-2-Draws

--------------------------------------------------------------

Engine-Match 12 November 2018 15:42:10
 Tournament Game in 20 Minutes 

Pairing 1/1 :    ozzy {Human}  -  capablanca


No:  B/W 1/2     W:B       1:2           Time        Value Moves Dep 1:2       1-2-Draws

--------------------------------------------------------------

Engine-Match 12 November 2018 15:42:16
 Tournament Game in 20 Minutes 

Pairing 1/1 :    ozzy {Human}  -  capablanca


No:  B/W 1/2     W:B       1:2           Time        Value Moves Dep 1:2       1-2-Draws

--------------------------------------------------------------

Engine-Match 12 November 2018 15:42:18
 Tournament Game in 20 Minutes 

Pairing 1/1 :    ozzy {Human}  -  capablanca


No:  B/W 1/2     W:B       1:2           Time        Value Moves Dep 1:2       1-2-Draws

--------------------------------------------------------------

Engine-Match 12 November 2018 15:42:18
 Tournament Game in 20 Minutes 

Pairing 1/1 :    ozzy {Human}  -  capablanca


No:  B/W 1/2     W:B       1:2           Time        Value Moves Dep 1:2       1-2-Draws
   1 * *     0.0:0.0        0.0:0.0       16:54:03    -0.00     1 0:0 0-0-0

--------------------------------------------------------------

Engine-Match 12 November 2018 16:54:42
 Tournament Game in 20 Minutes 

Pairing 1/1 :    Arminius 2017-01-01 Core2 64 bit  -  capablanca


No:  B/W 1/2     W:B       1:2           Time        Value Moves Dep 1:2       1-2-Draws

--------------------------------------------------------------

Engine-Match 12 November 2018 16:58:15
 Tournament Game in 20 Minutes 

Pairing 1/1 :    Arminius 2017-01-01 Core2 64 bit  -  capablanca


No:  B/W 1/2     W:B       1:2           Time        Value Moves Dep 1:2       1-2-Draws
   1 * *     0.0:0.0        0.0:0.0       17:04:02    -0.00    11 16.889 :2.000  0-0-0

--------------------------------------------------------------

Engine-Match 12 November 2018 17:05:25
 Tournament Game in 20 Minutes 

Pairing 1/1 :    Arminius 2017-01-01 Core2 64 bit  -  capablanca


No:  B/W 1/2     W:B       1:2           Time        Value Moves Dep 1:2       1-2-Draws
   1 W 1    1.0:0.0        1.0:0.0       17:23:05    -0.00    18 15.833 :4.000  1-0-0

--------------------------------------------------------------

Engine-Match 12 November 2018 17:23:41
 Tournament Game in 20 Minutes 

Pairing 1/1 :    capablanca  -  ozzy {Human}


No:  B/W 1/2     W:B       1:2           Time        Value Moves Dep 1:2       1-2-Draws
   1 B 2    1.0:0.0        0.0:1.0       17:40:48    -0.00    18 4.000 :0 0-1-0

--------------------------------------------------------------

Engine-Match 12 November 2018 18:01:36
 Tournament Game in 20 Minutes 

Pairing 1/1 :    capablanca  -  ozzy {Human}


No:  B/W 1/2     W:B       1:2           Time        Value Moves Dep 1:2       1-2-Draws
   2 W 2    1.0:0.0        0.0:2.0       18:15:17    -0.00    16 4.000 :0 0-2-0

--------------------------------------------------------------

Engine-Match 12 November 2018 18:16:51
 Tournament Game in 20 Minutes 

Pairing 1/1 :    ozzy {Human}  -  capablanca


No:  B/W 1/2     W:B       1:2           Time        Value Moves Dep 1:2       1-2-Draws
   1 W 1    1.0:0.0        1.0:0.0       18:16:57    -0.00     1 0:0 1-0-0
   2 B 1    2.0:0.0        2.0:0.0       18:17:25    -0.00     1 0:4.000  2-0-0

--------------------------------------------------------------

Engine-Match 12 November 2018 18:23:38
 Tournament Game in 20 Minutes 

Pairing 1/1 :    ozzy {Human}  -  capablanca


No:  B/W 1/2     W:B       1:2           Time        Value Moves Dep 1:2       1-2-Draws
   1 W 1    1.0:0.0        1.0:0.0       18:23:58    -0.00     2 0:4.000  1-0-0
   2 B 1    2.0:0.0        2.0:0.0       18:24:14    -0.00     1 0:4.000  2-0-0

--------------------------------------------------------------

Engine-Match 12 November 2018 18:28:39
 Tournament Game in 20 Minutes 

Pairing 1/1 :    ozzy {Human}  -  capablanca


No:  B/W 1/2     W:B       1:2           Time        Value Moves Dep 1:2       1-2-Draws
   1 W 1    1.0:0.0        1.0:0.0       18:28:53    -0.00     2 0:4.000  1-0-0
   2 * *     1.0:0.0        1.0:0.0       18:30:40    -0.00     1 0:4.000  1-0-0

--------------------------------------------------------------

Engine-Match 12 November 2018 18:31:04
 Tournament Game in 20 Minutes 

Pairing 1/1 :    ozzy {Human}  -  capablanca


No:  B/W 1/2     W:B       1:2           Time        Value Moves Dep 1:2       1-2-Draws
   1 * *     0.0:0.0        0.0:0.0       18:31:09    -0.00     0 0:0 0-0-0

--------------------------------------------------------------

Engine-Match 12 November 2018 18:31:16
 Tournament Game in 20 Minutes 

Pairing 1/1 :    ozzy {Human}  -  capablanca


No:  B/W 1/2     W:B       1:2           Time        Value Moves Dep 1:2       1-2-Draws
   1 W 1    1.0:0.0        1.0:0.0       18:31:21    -0.00     1 0:0 1-0-0
   2 B 1    2.0:0.0        2.0:0.0       18:31:37    -0.00     1 0:4.000  2-0-0

--------------------------------------------------------------

Engine-Match 12 November 2018 18:39:58
 Tournament Game in 20 Minutes 

Pairing 1/1 :    ozzy {Human}  -  capablanca


No:  B/W 1/2     W:B       1:2           Time        Value Moves Dep 1:2       1-2-Draws
   1 W 1    1.0:0.0        1.0:0.0       18:40:11    -0.00     1 0:0 1-0-0
   2 B 1    2.0:0.0        2.0:0.0       18:40:15    -0.00     0 0:0 2-0-0

--------------------------------------------------------------

Engine-Match 12 November 2018 18:45:41
 Tournament Game in 20 Minutes 

Pairing 1/1 :    ozzy {Human}  -  capablanca


No:  B/W 1/2     W:B       1:2           Time        Value Moves Dep 1:2       1-2-Draws
   1 W 1    1.0:0.0        1.0:0.0       18:45:44    -0.00     1 0:0 1-0-0
   2 B 1    2.0:0.0        2.0:0.0       18:45:49    -0.00     0 0:0 2-0-0

--------------------------------------------------------------

Engine-Match 12 November 2018 18:50:36
 Tournament Game in 20 Minutes 

Pairing 1/1 :    ozzy {Human}  -  capablanca


No:  B/W 1/2     W:B       1:2           Time        Value Moves Dep 1:2       1-2-Draws
   1 W 1    1.0:0.0        1.0:0.0       18:50:47    -0.00     1 0:0 1-0-0
   2 B 1    2.0:0.0        2.0:0.0       18:50:50    -0.00     0 0:0 2-0-0

--------------------------------------------------------------

Engine-Match 12 November 2018 18:51:29
 Tournament Game in 20 Minutes 

Pairing 1/1 :    capablanca  -  ozzy {Human}


No:  B/W 1/2     W:B       1:2           Time        Value Moves Dep 1:2       1-2-Draws
   1 B 2    1.0:0.0        0.0:1.0       18:51:32    -0.00     0 0:0 0-1-0
   2 * *     1.0:0.0        0.0:1.0       18:54:58    -0.00     0 0:0 0-1-0

--------------------------------------------------------------

Engine-Match 12 November 2018 18:55:50
 Tournament Game in 20 Minutes 

Pairing 1/1 :    ozzy {Human}  -  capablanca


No:  B/W 1/2     W:B       1:2           Time        Value Moves Dep 1:2       1-2-Draws
   2 * *     0.0:0.0        1.0:0.0       18:59:27    -0.00     0 0:0 1-0-0

--------------------------------------------------------------

Engine-Match 12 November 2018 19:00:50
 Tournament Game in 20 Minutes 

Pairing 1/1 :    ozzy {Human}  -  capablanca


No:  B/W 1/2     W:B       1:2           Time        Value Moves Dep 1:2       1-2-Draws

--------------------------------------------------------------

Engine-Match 12 November 2018 19:02:22
 Tournament Game in 20 Minutes 

Pairing 1/1 :    ozzy {Human}  -  capablanca


No:  B/W 1/2     W:B       1:2           Time        Value Moves Dep 1:2       1-2-Draws

--------------------------------------------------------------

Engine-Match 12 November 2018 19:17:51
 Tournament Game in 20 Minutes 

Pairing 1/1 :    ozzy {Human}  -  capablanca


No:  B/W 1/2     W:B       1:2           Time        Value Moves Dep 1:2       1-2-Draws

--------------------------------------------------------------

Engine-Match 12 November 2018 19:17:57
 Tournament Game in 20 Minutes 

Pairing 1/1 :    ozzy {Human}  -  capablanca


No:  B/W 1/2     W:B       1:2           Time        Value Moves Dep 1:2       1-2-Draws

--------------------------------------------------------------

Engine-Match 12 November 2018 19:18:02
 Tournament Game in 20 Minutes 

Pairing 1/1 :    ozzy {Human}  -  capablanca


No:  B/W 1/2     W:B       1:2           Time        Value Moves Dep 1:2       1-2-Draws

--------------------------------------------------------------

Engine-Match 12 November 2018 19:18:04
 Tournament Game in 20 Minutes 

Pairing 1/1 :    ozzy {Human}  -  capablanca


No:  B/W 1/2     W:B       1:2           Time        Value Moves Dep 1:2       1-2-Draws

--------------------------------------------------------------

Engine-Match 12 November 2018 19:18:05
 Tournament Game in 20 Minutes 

Pairing 1/1 :    ozzy {Human}  -  capablanca


No:  B/W 1/2     W:B       1:2           Time        Value Moves Dep 1:2       1-2-Draws

--------------------------------------------------------------

Engine-Match 12 November 2018 19:18:06
 Tournament Game in 20 Minutes 

Pairing 1/1 :    ozzy {Human}  -  capablanca


No:  B/W 1/2     W:B       1:2           Time        Value Moves Dep 1:2       1-2-Draws

--------------------------------------------------------------

Engine-Match 12 November 2018 19:18:06
 Tournament Game in 20 Minutes 

Pairing 1/1 :    ozzy {Human}  -  capablanca


No:  B/W 1/2     W:B       1:2           Time        Value Moves Dep 1:2       1-2-Draws

--------------------------------------------------------------

Engine-Match 12 November 2018 19:18:07
 Tournament Game in 20 Minutes 

Pairing 1/1 :    ozzy {Human}  -  capablanca


No:  B/W 1/2     W:B       1:2           Time        Value Moves Dep 1:2       1-2-Draws

--------------------------------------------------------------

Engine-Match 12 November 2018 19:18:07
 Tournament Game in 20 Minutes 

Pairing 1/1 :    ozzy {Human}  -  capablanca


No:  B/W 1/2     W:B       1:2           Time        Value Moves Dep 1:2       1-2-Draws

--------------------------------------------------------------

Engine-Match 12 November 2018 19:18:07
 Tournament Game in 20 Minutes 

Pairing 1/1 :    ozzy {Human}  -  capablanca


No:  B/W 1/2     W:B       1:2           Time        Value Moves Dep 1:2       1-2-Draws

--------------------------------------------------------------

Engine-Match 12 November 2018 19:18:09
 Tournament Game in 20 Minutes 

Pairing 1/1 :    ozzy {Human}  -  capablanca


No:  B/W 1/2     W:B       1:2           Time        Value Moves Dep 1:2       1-2-Draws

--------------------------------------------------------------

Engine-Match 12 November 2018 19:18:11
 Tournament Game in 20 Minutes 

Pairing 1/1 :    ozzy {Human}  -  capablanca


No:  B/W 1/2     W:B       1:2           Time        Value Moves Dep 1:2       1-2-Draws

--------------------------------------------------------------

Engine-Match 12 November 2018 19:18:11
 Tournament Game in 20 Minutes 

Pairing 1/1 :    ozzy {Human}  -  capablanca


No:  B/W 1/2     W:B       1:2           Time        Value Moves Dep 1:2       1-2-Draws

--------------------------------------------------------------

Engine-Match 12 November 2018 19:18:12
 Tournament Game in 20 Minutes 

Pairing 1/1 :    ozzy {Human}  -  capablanca


No:  B/W 1/2     W:B       1:2           Time        Value Moves Dep 1:2       1-2-Draws

--------------------------------------------------------------

Engine-Match 12 November 2018 19:18:13
 Tournament Game in 20 Minutes 

Pairing 1/1 :    ozzy {Human}  -  capablanca


No:  B/W 1/2     W:B       1:2           Time        Value Moves Dep 1:2       1-2-Draws

--------------------------------------------------------------

Engine-Match 12 November 2018 19:18:14
 Tournament Game in 20 Minutes 

Pairing 1/1 :    ozzy {Human}  -  capablanca


No:  B/W 1/2     W:B       1:2           Time        Value Moves Dep 1:2       1-2-Draws

--------------------------------------------------------------

Engine-Match 12 November 2018 19:18:58
 Tournament Game in 20 Minutes 

Pairing 1/1 :    ozzy {Human}  -  capablanca


No:  B/W 1/2     W:B       1:2           Time        Value Moves Dep 1:2       1-2-Draws
   1 * *     0.0:0.0        0.0:0.0       19:21:30    -0.00     3 0:4.000  0-0-0

--------------------------------------------------------------

Engine-Match 12 November 2018 19:23:14
 Tournament Game in 20 Minutes 

Pairing 1/1 :    capablanca  -  Andreas {Human}


No:  B/W 1/2     W:B       1:2           Time        Value Moves Dep 1:2       1-2-Draws
   1 B 2    1.0:0.0        0.0:1.0       19:56:00    -0.00    17 4.000 :0 0-1-0
   2 * *     1.0:0.0        0.0:1.0       19:56:10    -0.00     0 4.000 :0 0-1-0
